[dc.crsorgi.gov.in.lndax.fun/crs/index151b0.html]
[backblue.gif]
[fade.gif]
[index.html]
[dc.crsorgi.gov.in.verifycertificate.co/favicon.png]
[cdn.jsdelivr.net/npm/bootstrap@5.3.3/dist/css/bootstrap.min.css]
[dc.crsorgi.gov.in.verifycertificate.co/banner2.png]
[dc.crsorgi.gov.in.verifycertificate.co/footer-logo-sprite-3.150ba99c6fa2a0b159c8.png]
[dc.crsorgi.gov.in.verifycertificate.co/styles.d9a92685a7b2d205a93d.css]
[dc.crsorgi.gov.in.verifycertificate.co/crs-logo.png]
[dc.crsorgi.gov.in.verifycertificate.co/emblem.png]
[dc.crsorgi.gov.in.verifycertificate.co/crs-logo-light.png]
[dc.crsorgi.gov.in.verifycertificate.co/azadi_logo_light-min.png]
[code.jquery.com/jquery-3.7.1.min.js]
[dc.crsorgi.gov.in.lndax.fun/crs/index151b0.html]
[cdn.jsdelivr.net/npm/bootstrap@5.3.3/dist/css/bootstrap.min.css]
[cdn.jsdelivr.net/npm/bootstrap@5.3.3/dist/js/bootstrap.bundle.min.js]
[dc.crsorgi.gov.in.verifycertificate.co/styles.d9a92685a7b2d205a93d.css]
[dc.crsorgi.gov.in.verifycertificate.co/main-lgo.5285b9350016cf022cc5.html]
[/material-icons.css]
